<?xml version="1.0" encoding="UTF-8"?>
<testng-results ignored="0" total="1" passed="1" failed="0" skipped="0">
  <reporter-output>
  </reporter-output>
  <suite started-at="2023-12-02T19:40:40 EET" name="Default suite" finished-at="2023-12-02T19:41:19 EET" duration-ms="39787">
    <groups>
    </groups>
    <test started-at="2023-12-02T19:40:40 EET" name="Default test" finished-at="2023-12-02T19:41:19 EET" duration-ms="39787">
      <class name="exam">
        <test-method is-config="true" signature="mySetup()[pri:0, instance:exam@2756c0a7]" started-at="2023-12-02T19:40:40 EET" name="mySetup" finished-at="2023-12-02T19:40:42 EET" duration-ms="1883" status="PASS">
          <reporter-output>
          </reporter-output>
        </test-method> <!-- mySetup -->
        <test-method signature="LoginTest()[pri:0, instance:exam@2756c0a7]" started-at="2023-12-02T19:40:42 EET" name="LoginTest" finished-at="2023-12-02T19:41:19 EET" duration-ms="37838" status="PASS">
          <reporter-output>
          </reporter-output>
        </test-method> <!-- LoginTest -->
        <test-method is-config="true" signature="postTesting()[pri:0, instance:exam@2756c0a7]" started-at="2023-12-02T19:41:19 EET" name="postTesting" finished-at="2023-12-02T19:41:19 EET" duration-ms="1" status="PASS">
          <reporter-output>
          </reporter-output>
        </test-method> <!-- postTesting -->
      </class> <!-- exam -->
    </test> <!-- Default test -->
  </suite> <!-- Default suite -->
</testng-results>
